<?xml version="1.0" encoding="UTF-8"?>
<!-- Generated by org.testng.reporters.JUnitXMLReporter -->
<testsuite ignored="1" hostname="DESKTOP-DCMMFHS" failures="0" tests="2" name="Default test" time="4.23" errors="0" timestamp="2020-04-07T19:36:52 PDT">
  <testcase classname="test.GlobalTest" name="loginOld" time="4.185"/>
  <testcase classname="test.GlobalTest" name="printName" time="0.002"/>
  <testcase classname="test.GlobalTest" name="login" time="0.0">
    <ignored/>
  </testcase> <!-- login -->
</testsuite> <!-- Default test -->
