<?xml version="1.0" encoding="UTF-8"?>
<!-- Generated by org.testng.reporters.JUnitXMLReporter -->
<testsuite ignored="0" hostname="DESKTOP-DCMMFHS" failures="0" tests="4" name="Test" time="42.067" errors="0" timestamp="2020-05-27T11:26:57 PDT">
  <testcase classname="test.FileUpload" name="fileUpload" time="13.541"/>
  <testcase classname="test.windowPopUp" name="getPopUpWindow" time="1.282"/>
  <testcase classname="test.GlobalTest" name="loginOld" time="7.398"/>
  <testcase classname="test.GlobalTest" name="printName" time="0.002"/>
</testsuite> <!-- Test -->
