<?xml version="1.0" encoding="UTF-8"?>
<testng-results ignored="0" total="2" passed="2" failed="0" skipped="0">
  <reporter-output>
  </reporter-output>
  <suite started-at="2020-05-21T15:08:44 PDT" name="Default suite" finished-at="2020-05-21T15:09:00 PDT" duration-ms="16124">
    <groups>
    </groups>
    <test started-at="2020-05-21T15:08:44 PDT" name="Default test" finished-at="2020-05-21T15:09:00 PDT" duration-ms="16124">
      <class name="test.GlobalTest">
        <test-method is-config="true" signature="initializedDriver()[pri:0, instance:test.GlobalTest@79ad8b2f]" started-at="2020-05-21T15:08:44 PDT" name="initializedDriver" finished-at="2020-05-21T15:08:51 PDT" duration-ms="7816" status="PASS">
          <reporter-output>
          </reporter-output>
        </test-method> <!-- initializedDriver -->
        <test-method signature="loginOld()[pri:0, instance:test.GlobalTest@79ad8b2f]" started-at="2020-05-21T15:08:51 PDT" name="loginOld" finished-at="2020-05-21T15:08:59 PDT" duration-ms="7620" status="PASS">
          <reporter-output>
          </reporter-output>
        </test-method> <!-- loginOld -->
        <test-method signature="printName()[pri:0, instance:test.GlobalTest@79ad8b2f]" started-at="2020-05-21T15:08:59 PDT" name="printName" finished-at="2020-05-21T15:08:59 PDT" duration-ms="2" status="PASS">
          <reporter-output>
          </reporter-output>
        </test-method> <!-- printName -->
        <test-method is-config="true" signature="tearDown()[pri:0, instance:test.GlobalTest@79ad8b2f]" started-at="2020-05-21T15:08:59 PDT" name="tearDown" finished-at="2020-05-21T15:09:00 PDT" duration-ms="648" status="PASS">
          <reporter-output>
          </reporter-output>
        </test-method> <!-- tearDown -->
      </class> <!-- test.GlobalTest -->
    </test> <!-- Default test -->
  </suite> <!-- Default suite -->
</testng-results>
