<?xml version="1.0" encoding="UTF-8"?>
<testng-results ignored="0" total="4" passed="4" failed="0" skipped="0">
  <reporter-output>
  </reporter-output>
  <suite started-at="2020-05-27T11:26:15 PDT" name="Suite" finished-at="2020-05-27T11:26:57 PDT" duration-ms="42067">
    <groups>
    </groups>
    <test started-at="2020-05-27T11:26:15 PDT" name="Test" finished-at="2020-05-27T11:26:57 PDT" duration-ms="42067">
      <class name="test.GlobalTest">
        <test-method is-config="true" signature="initializedDriver()[pri:0, instance:test.GlobalTest@4c1d9d4b]" started-at="2020-05-27T11:26:21 PDT" name="initializedDriver" finished-at="2020-05-27T11:26:28 PDT" duration-ms="7044" status="PASS">
          <reporter-output>
          </reporter-output>
        </test-method> <!-- initializedDriver -->
        <test-method signature="loginOld()[pri:0, instance:test.GlobalTest@4c1d9d4b]" started-at="2020-05-27T11:26:48 PDT" name="loginOld" finished-at="2020-05-27T11:26:55 PDT" duration-ms="7398" status="PASS">
          <reporter-output>
          </reporter-output>
        </test-method> <!-- loginOld -->
        <test-method signature="printName()[pri:0, instance:test.GlobalTest@4c1d9d4b]" started-at="2020-05-27T11:26:55 PDT" name="printName" finished-at="2020-05-27T11:26:55 PDT" duration-ms="2" status="PASS">
          <reporter-output>
          </reporter-output>
        </test-method> <!-- printName -->
        <test-method is-config="true" signature="tearDown()[pri:0, instance:test.GlobalTest@4c1d9d4b]" started-at="2020-05-27T11:26:56 PDT" name="tearDown" finished-at="2020-05-27T11:26:57 PDT" duration-ms="670" status="PASS">
          <reporter-output>
          </reporter-output>
        </test-method> <!-- tearDown -->
      </class> <!-- test.GlobalTest -->
      <class name="test.windowPopUp">
        <test-method is-config="true" signature="initialized()[pri:0, instance:test.windowPopUp@7b227d8d]" started-at="2020-05-27T11:26:28 PDT" name="initialized" finished-at="2020-05-27T11:26:33 PDT" duration-ms="5101" status="PASS">
          <reporter-output>
          </reporter-output>
        </test-method> <!-- initialized -->
        <test-method signature="getPopUpWindow()[pri:0, instance:test.windowPopUp@7b227d8d]" started-at="2020-05-27T11:26:46 PDT" name="getPopUpWindow" finished-at="2020-05-27T11:26:48 PDT" duration-ms="1282" status="PASS">
          <reporter-output>
          </reporter-output>
        </test-method> <!-- getPopUpWindow -->
        <test-method is-config="true" signature="tearDown()[pri:0, instance:test.windowPopUp@7b227d8d]" started-at="2020-05-27T11:26:57 PDT" name="tearDown" finished-at="2020-05-27T11:26:57 PDT" duration-ms="696" status="PASS">
          <reporter-output>
          </reporter-output>
        </test-method> <!-- tearDown -->
      </class> <!-- test.windowPopUp -->
      <class name="test.FileUpload">
        <test-method is-config="true" signature="initialized()[pri:0, instance:test.FileUpload@12d4bf7e]" started-at="2020-05-27T11:26:15 PDT" name="initialized" finished-at="2020-05-27T11:26:21 PDT" duration-ms="5555" status="PASS">
          <reporter-output>
          </reporter-output>
        </test-method> <!-- initialized -->
        <test-method signature="fileUpload()[pri:0, instance:test.FileUpload@12d4bf7e]" started-at="2020-05-27T11:26:33 PDT" name="fileUpload" finished-at="2020-05-27T11:26:46 PDT" duration-ms="13541" status="PASS">
          <reporter-output>
          </reporter-output>
        </test-method> <!-- fileUpload -->
        <test-method is-config="true" signature="tearDown()[pri:0, instance:test.FileUpload@12d4bf7e]" started-at="2020-05-27T11:26:55 PDT" name="tearDown" finished-at="2020-05-27T11:26:56 PDT" duration-ms="746" status="PASS">
          <reporter-output>
          </reporter-output>
        </test-method> <!-- tearDown -->
      </class> <!-- test.FileUpload -->
    </test> <!-- Test -->
  </suite> <!-- Suite -->
</testng-results>
